<?xml version="1.0" encoding="UTF-8"?>
<!-- Generated by org.testng.reporters.JUnitReportReporter -->
<testsuite hostname="SOMU" failures="0" tests="6" name="testObject.HomePageTest" time="5.502" errors="0" timestamp="2020-01-14T11:23:14 IST" skipped="0">
  <testcase classname="testObject.HomePageTest" name="verifyDressesTab" time="0.128"/>
  <testcase classname="testObject.HomePageTest" name="verifyNaviagteToTShirtsTab" time="1.464"/>
  <testcase classname="testObject.HomePageTest" name="verifyNaviagteToDressesTab" time="2.029"/>
  <testcase classname="testObject.HomePageTest" name="verifyTShirtsTab" time="0.048"/>
  <testcase classname="testObject.HomePageTest" name="verifyNaviagteToWomenTab" time="1.656"/>
  <testcase classname="testObject.HomePageTest" name="verifyWomenTab" time="0.177"/>
</testsuite> <!-- testObject.HomePageTest -->
